[2019-09-19 05:46:13] local.ERROR: include(/home/kenneth/Sites/laravel-6-api-boilerplate/vendor/composer/../../app/User.php): failed to open stream: No such file or directory {"exception":"[object] (ErrorException(code: 0): include(/home/kenneth/Sites/laravel-6-api-boilerplate/vendor/composer/../../app/User.php): failed to open stream: No such file or directory at /home/kenneth/Sites/laravel-6-api-boilerplate/vendor/composer/ClassLoader.php:444)
[stacktrace]
#0 /home/kenneth/Sites/laravel-6-api-boilerplate/vendor/composer/ClassLoader.php(444): Illuminate\\Foundation\\Bootstrap\\HandleExceptions->handleError(2, 'include(/home/k...', '/home/kenneth/S...', 444, Array)
#1 /home/kenneth/Sites/laravel-6-api-boilerplate/vendor/composer/ClassLoader.php(444): include()
#2 /home/kenneth/Sites/laravel-6-api-boilerplate/vendor/composer/ClassLoader.php(322): Composer\\Autoload\\includeFile('/home/kenneth/S...')
#3 [internal function]: Composer\\Autoload\\ClassLoader->loadClass('App\\\\User')
#4 /home/kenneth/Sites/laravel-6-api-boilerplate/vendor/laravel/framework/src/Illuminate/Auth/EloquentUserProvider.php(170): spl_autoload_call('App\\\\User')
#5 /home/kenneth/Sites/laravel-6-api-boilerplate/vendor/laravel/framework/src/Illuminate/Auth/EloquentUserProvider.php(157): Illuminate\\Auth\\EloquentUserProvider->createModel()
#6 /home/kenneth/Sites/laravel-6-api-boilerplate/vendor/laravel/framework/src/Illuminate/Auth/EloquentUserProvider.php(117): Illuminate\\Auth\\EloquentUserProvider->newModelQuery()
#7 /home/kenneth/Sites/laravel-6-api-boilerplate/vendor/laravel/framework/src/Illuminate/Auth/SessionGuard.php(251): Illuminate\\Auth\\EloquentUserProvider->retrieveByCredentials(Array)
#8 /home/kenneth/Sites/laravel-6-api-boilerplate/vendor/laravel/framework/src/Illuminate/Auth/SessionGuard.php(217): Illuminate\\Auth\\SessionGuard->validate(Array)
#9 /home/kenneth/Sites/laravel-6-api-boilerplate/vendor/tymon/jwt-auth/src/Providers/Auth/Illuminate.php(47): Illuminate\\Auth\\SessionGuard->once(Array)
#10 /home/kenneth/Sites/laravel-6-api-boilerplate/vendor/tymon/jwt-auth/src/JWTAuth.php(50): Tymon\\JWTAuth\\Providers\\Auth\\Illuminate->byCredentials(Array)
#11 /home/kenneth/Sites/laravel-6-api-boilerplate/vendor/laravel/framework/src/Illuminate/Support/Facades/Facade.php(239): Tymon\\JWTAuth\\JWTAuth->attempt(Array, Array)
#12 /home/kenneth/Sites/laravel-6-api-boilerplate/app/Http/Controllers/Auth/AuthController.php(41): Illuminate\\Support\\Facades\\Facade::__callStatic('attempt', Array)
#13 [internal function]: App\\Http\\Controllers\\Auth\\AuthController->login(Object(App\\Http\\Requests\\Auth\\LoginFormRequest))
#14 /home/kenneth/Sites/laravel-6-api-boilerplate/vendor/laravel/framework/src/Illuminate/Routing/Controller.php(54): call_user_func_array(Array, Array)
#15 /home/kenneth/Sites/laravel-6-api-boilerplate/vendor/laravel/framework/src/Illuminate/Routing/ControllerDispatcher.php(45): Illuminate\\Routing\\Controller->callAction('login', Array)
#16 /home/kenneth/Sites/laravel-6-api-boilerplate/vendor/laravel/framework/src/Illuminate/Routing/Route.php(219): Illuminate\\Routing\\ControllerDispatcher->dispatch(Object(Illuminate\\Routing\\Route), Object(App\\Http\\Controllers\\Auth\\AuthController), 'login')
#17 /home/kenneth/Sites/laravel-6-api-boilerplate/vendor/laravel/framework/src/Illuminate/Routing/Route.php(176): Illuminate\\Routing\\Route->runController()
#18 /home/kenneth/Sites/laravel-6-api-boilerplate/vendor/laravel/framework/src/Illuminate/Routing/Router.php(680): Illuminate\\Routing\\Route->run()
#19 /home/kenneth/Sites/laravel-6-api-boilerplate/vendor/laravel/framework/src/Illuminate/Pipeline/Pipeline.php(130): Illuminate\\Routing\\Router->Illuminate\\Routing\\{closure}(Object(Illuminate\\Http\\Request))
#20 /home/kenneth/Sites/laravel-6-api-boilerplate/vendor/laravel/framework/src/Illuminate/Routing/Middleware/SubstituteBindings.php(41): Illuminate\\Pipeline\\Pipeline->Illuminate\\Pipeline\\{closure}(Object(Illuminate\\Http\\Request))
#21 /home/kenneth/Sites/laravel-6-api-boilerplate/vendor/laravel/framework/src/Illuminate/Pipeline/Pipeline.php(171): Illuminate\\Routing\\Middleware\\SubstituteBindings->handle(Object(Illuminate\\Http\\Request), Object(Closure))
#22 /home/kenneth/Sites/laravel-6-api-boilerplate/vendor/laravel/framework/src/Illuminate/Routing/Middleware/ThrottleRequests.php(59): Illuminate\\Pipeline\\Pipeline->Illuminate\\Pipeline\\{closure}(Object(Illuminate\\Http\\Request))
#23 /home/kenneth/Sites/laravel-6-api-boilerplate/vendor/laravel/framework/src/Illuminate/Pipeline/Pipeline.php(171): Illuminate\\Routing\\Middleware\\ThrottleRequests->handle(Object(Illuminate\\Http\\Request), Object(Closure), 60, '1')
#24 /home/kenneth/Sites/laravel-6-api-boilerplate/vendor/laravel/framework/src/Illuminate/Pipeline/Pipeline.php(105): Illuminate\\Pipeline\\Pipeline->Illuminate\\Pipeline\\{closure}(Object(Illuminate\\Http\\Request))
#25 /home/kenneth/Sites/laravel-6-api-boilerplate/vendor/laravel/framework/src/Illuminate/Routing/Router.php(682): Illuminate\\Pipeline\\Pipeline->then(Object(Closure))
#26 /home/kenneth/Sites/laravel-6-api-boilerplate/vendor/laravel/framework/src/Illuminate/Routing/Router.php(657): Illuminate\\Routing\\Router->runRouteWithinStack(Object(Illuminate\\Routing\\Route), Object(Illuminate\\Http\\Request))
#27 /home/kenneth/Sites/laravel-6-api-boilerplate/vendor/laravel/framework/src/Illuminate/Routing/Router.php(623): Illuminate\\Routing\\Router->runRoute(Object(Illuminate\\Http\\Request), Object(Illuminate\\Routing\\Route))
#28 /home/kenneth/Sites/laravel-6-api-boilerplate/vendor/laravel/framework/src/Illuminate/Routing/Router.php(612): Illuminate\\Routing\\Router->dispatchToRoute(Object(Illuminate\\Http\\Request))
#29 /home/kenneth/Sites/laravel-6-api-boilerplate/vendor/laravel/framework/src/Illuminate/Foundation/Http/Kernel.php(176): Illuminate\\Routing\\Router->dispatch(Object(Illuminate\\Http\\Request))
#30 /home/kenneth/Sites/laravel-6-api-boilerplate/vendor/laravel/framework/src/Illuminate/Pipeline/Pipeline.php(130): Illuminate\\Foundation\\Http\\Kernel->Illuminate\\Foundation\\Http\\{closure}(Object(Illuminate\\Http\\Request))
#31 /home/kenneth/Sites/laravel-6-api-boilerplate/vendor/barryvdh/laravel-cors/src/HandleCors.php(36): Illuminate\\Pipeline\\Pipeline->Illuminate\\Pipeline\\{closure}(Object(Illuminate\\Http\\Request))
#32 /home/kenneth/Sites/laravel-6-api-boilerplate/vendor/laravel/framework/src/Illuminate/Pipeline/Pipeline.php(171): Barryvdh\\Cors\\HandleCors->handle(Object(Illuminate\\Http\\Request), Object(Closure))
#33 /home/kenneth/Sites/laravel-6-api-boilerplate/vendor/laravel/framework/src/Illuminate/Foundation/Http/Middleware/TransformsRequest.php(21): Illuminate\\Pipeline\\Pipeline->Illuminate\\Pipeline\\{closure}(Object(Illuminate\\Http\\Request))
#34 /home/kenneth/Sites/laravel-6-api-boilerplate/vendor/laravel/framework/src/Illuminate/Pipeline/Pipeline.php(171): Illuminate\\Foundation\\Http\\Middleware\\TransformsRequest->handle(Object(Illuminate\\Http\\Request), Object(Closure))
#35 /home/kenneth/Sites/laravel-6-api-boilerplate/vendor/laravel/framework/src/Illuminate/Foundation/Http/Middleware/TransformsRequest.php(21): Illuminate\\Pipeline\\Pipeline->Illuminate\\Pipeline\\{closure}(Object(Illuminate\\Http\\Request))
#36 /home/kenneth/Sites/laravel-6-api-boilerplate/vendor/laravel/framework/src/Illuminate/Pipeline/Pipeline.php(171): Illuminate\\Foundation\\Http\\Middleware\\TransformsRequest->handle(Object(Illuminate\\Http\\Request), Object(Closure))
#37 /home/kenneth/Sites/laravel-6-api-boilerplate/vendor/laravel/framework/src/Illuminate/Foundation/Http/Middleware/ValidatePostSize.php(27): Illuminate\\Pipeline\\Pipeline->Illuminate\\Pipeline\\{closure}(Object(Illuminate\\Http\\Request))
#38 /home/kenneth/Sites/laravel-6-api-boilerplate/vendor/laravel/framework/src/Illuminate/Pipeline/Pipeline.php(171): Illuminate\\Foundation\\Http\\Middleware\\ValidatePostSize->handle(Object(Illuminate\\Http\\Request), Object(Closure))
#39 /home/kenneth/Sites/laravel-6-api-boilerplate/vendor/laravel/framework/src/Illuminate/Foundation/Http/Middleware/CheckForMaintenanceMode.php(62): Illuminate\\Pipeline\\Pipeline->Illuminate\\Pipeline\\{closure}(Object(Illuminate\\Http\\Request))
#40 /home/kenneth/Sites/laravel-6-api-boilerplate/vendor/laravel/framework/src/Illuminate/Pipeline/Pipeline.php(171): Illuminate\\Foundation\\Http\\Middleware\\CheckForMaintenanceMode->handle(Object(Illuminate\\Http\\Request), Object(Closure))
#41 /home/kenneth/Sites/laravel-6-api-boilerplate/vendor/fideloper/proxy/src/TrustProxies.php(57): Illuminate\\Pipeline\\Pipeline->Illuminate\\Pipeline\\{closure}(Object(Illuminate\\Http\\Request))
#42 /home/kenneth/Sites/laravel-6-api-boilerplate/vendor/laravel/framework/src/Illuminate/Pipeline/Pipeline.php(171): Fideloper\\Proxy\\TrustProxies->handle(Object(Illuminate\\Http\\Request), Object(Closure))
#43 /home/kenneth/Sites/laravel-6-api-boilerplate/vendor/laravel/framework/src/Illuminate/Pipeline/Pipeline.php(105): Illuminate\\Pipeline\\Pipeline->Illuminate\\Pipeline\\{closure}(Object(Illuminate\\Http\\Request))
#44 /home/kenneth/Sites/laravel-6-api-boilerplate/vendor/laravel/framework/src/Illuminate/Foundation/Http/Kernel.php(151): Illuminate\\Pipeline\\Pipeline->then(Object(Closure))
#45 /home/kenneth/Sites/laravel-6-api-boilerplate/vendor/laravel/framework/src/Illuminate/Foundation/Http/Kernel.php(116): Illuminate\\Foundation\\Http\\Kernel->sendRequestThroughRouter(Object(Illuminate\\Http\\Request))
#46 /home/kenneth/Sites/laravel-6-api-boilerplate/public/index.php(55): Illuminate\\Foundation\\Http\\Kernel->handle(Object(Illuminate\\Http\\Request))
#47 /home/kenneth/.config/composer/vendor/cpriego/valet-linux/server.php(208): require('/home/kenneth/S...')
#48 {main}
"} 
[2019-09-19 05:51:48] local.ERROR: include(/home/kenneth/Sites/laravel-6-api-boilerplate/vendor/composer/../../app/User.php): failed to open stream: No such file or directory {"exception":"[object] (ErrorException(code: 0): include(/home/kenneth/Sites/laravel-6-api-boilerplate/vendor/composer/../../app/User.php): failed to open stream: No such file or directory at /home/kenneth/Sites/laravel-6-api-boilerplate/vendor/composer/ClassLoader.php:444)
[stacktrace]
#0 /home/kenneth/Sites/laravel-6-api-boilerplate/vendor/composer/ClassLoader.php(444): Illuminate\\Foundation\\Bootstrap\\HandleExceptions->handleError(2, 'include(/home/k...', '/home/kenneth/S...', 444, Array)
#1 /home/kenneth/Sites/laravel-6-api-boilerplate/vendor/composer/ClassLoader.php(444): include()
#2 /home/kenneth/Sites/laravel-6-api-boilerplate/vendor/composer/ClassLoader.php(322): Composer\\Autoload\\includeFile('/home/kenneth/S...')
#3 [internal function]: Composer\\Autoload\\ClassLoader->loadClass('App\\\\User')
#4 /home/kenneth/Sites/laravel-6-api-boilerplate/vendor/laravel/framework/src/Illuminate/Auth/EloquentUserProvider.php(170): spl_autoload_call('App\\\\User')
#5 /home/kenneth/Sites/laravel-6-api-boilerplate/vendor/laravel/framework/src/Illuminate/Auth/EloquentUserProvider.php(157): Illuminate\\Auth\\EloquentUserProvider->createModel()
#6 /home/kenneth/Sites/laravel-6-api-boilerplate/vendor/laravel/framework/src/Illuminate/Auth/EloquentUserProvider.php(117): Illuminate\\Auth\\EloquentUserProvider->newModelQuery()
#7 /home/kenneth/Sites/laravel-6-api-boilerplate/vendor/laravel/framework/src/Illuminate/Auth/SessionGuard.php(251): Illuminate\\Auth\\EloquentUserProvider->retrieveByCredentials(Array)
#8 /home/kenneth/Sites/laravel-6-api-boilerplate/vendor/laravel/framework/src/Illuminate/Auth/SessionGuard.php(217): Illuminate\\Auth\\SessionGuard->validate(Array)
#9 /home/kenneth/Sites/laravel-6-api-boilerplate/vendor/tymon/jwt-auth/src/Providers/Auth/Illuminate.php(47): Illuminate\\Auth\\SessionGuard->once(Array)
#10 /home/kenneth/Sites/laravel-6-api-boilerplate/vendor/tymon/jwt-auth/src/JWTAuth.php(50): Tymon\\JWTAuth\\Providers\\Auth\\Illuminate->byCredentials(Array)
#11 /home/kenneth/Sites/laravel-6-api-boilerplate/vendor/laravel/framework/src/Illuminate/Support/Facades/Facade.php(239): Tymon\\JWTAuth\\JWTAuth->attempt(Array, Array)
#12 /home/kenneth/Sites/laravel-6-api-boilerplate/app/Http/Controllers/Auth/AuthController.php(41): Illuminate\\Support\\Facades\\Facade::__callStatic('attempt', Array)
#13 [internal function]: App\\Http\\Controllers\\Auth\\AuthController->login(Object(App\\Http\\Requests\\Auth\\LoginFormRequest))
#14 /home/kenneth/Sites/laravel-6-api-boilerplate/vendor/laravel/framework/src/Illuminate/Routing/Controller.php(54): call_user_func_array(Array, Array)
#15 /home/kenneth/Sites/laravel-6-api-boilerplate/vendor/laravel/framework/src/Illuminate/Routing/ControllerDispatcher.php(45): Illuminate\\Routing\\Controller->callAction('login', Array)
#16 /home/kenneth/Sites/laravel-6-api-boilerplate/vendor/laravel/framework/src/Illuminate/Routing/Route.php(219): Illuminate\\Routing\\ControllerDispatcher->dispatch(Object(Illuminate\\Routing\\Route), Object(App\\Http\\Controllers\\Auth\\AuthController), 'login')
#17 /home/kenneth/Sites/laravel-6-api-boilerplate/vendor/laravel/framework/src/Illuminate/Routing/Route.php(176): Illuminate\\Routing\\Route->runController()
#18 /home/kenneth/Sites/laravel-6-api-boilerplate/vendor/laravel/framework/src/Illuminate/Routing/Router.php(680): Illuminate\\Routing\\Route->run()
#19 /home/kenneth/Sites/laravel-6-api-boilerplate/vendor/laravel/framework/src/Illuminate/Pipeline/Pipeline.php(130): Illuminate\\Routing\\Router->Illuminate\\Routing\\{closure}(Object(Illuminate\\Http\\Request))
#20 /home/kenneth/Sites/laravel-6-api-boilerplate/vendor/laravel/framework/src/Illuminate/Routing/Middleware/SubstituteBindings.php(41): Illuminate\\Pipeline\\Pipeline->Illuminate\\Pipeline\\{closure}(Object(Illuminate\\Http\\Request))
#21 /home/kenneth/Sites/laravel-6-api-boilerplate/vendor/laravel/framework/src/Illuminate/Pipeline/Pipeline.php(171): Illuminate\\Routing\\Middleware\\SubstituteBindings->handle(Object(Illuminate\\Http\\Request), Object(Closure))
#22 /home/kenneth/Sites/laravel-6-api-boilerplate/vendor/laravel/framework/src/Illuminate/Routing/Middleware/ThrottleRequests.php(59): Illuminate\\Pipeline\\Pipeline->Illuminate\\Pipeline\\{closure}(Object(Illuminate\\Http\\Request))
#23 /home/kenneth/Sites/laravel-6-api-boilerplate/vendor/laravel/framework/src/Illuminate/Pipeline/Pipeline.php(171): Illuminate\\Routing\\Middleware\\ThrottleRequests->handle(Object(Illuminate\\Http\\Request), Object(Closure), 60, '1')
#24 /home/kenneth/Sites/laravel-6-api-boilerplate/vendor/laravel/framework/src/Illuminate/Pipeline/Pipeline.php(105): Illuminate\\Pipeline\\Pipeline->Illuminate\\Pipeline\\{closure}(Object(Illuminate\\Http\\Request))
#25 /home/kenneth/Sites/laravel-6-api-boilerplate/vendor/laravel/framework/src/Illuminate/Routing/Router.php(682): Illuminate\\Pipeline\\Pipeline->then(Object(Closure))
#26 /home/kenneth/Sites/laravel-6-api-boilerplate/vendor/laravel/framework/src/Illuminate/Routing/Router.php(657): Illuminate\\Routing\\Router->runRouteWithinStack(Object(Illuminate\\Routing\\Route), Object(Illuminate\\Http\\Request))
#27 /home/kenneth/Sites/laravel-6-api-boilerplate/vendor/laravel/framework/src/Illuminate/Routing/Router.php(623): Illuminate\\Routing\\Router->runRoute(Object(Illuminate\\Http\\Request), Object(Illuminate\\Routing\\Route))
#28 /home/kenneth/Sites/laravel-6-api-boilerplate/vendor/laravel/framework/src/Illuminate/Routing/Router.php(612): Illuminate\\Routing\\Router->dispatchToRoute(Object(Illuminate\\Http\\Request))
#29 /home/kenneth/Sites/laravel-6-api-boilerplate/vendor/laravel/framework/src/Illuminate/Foundation/Http/Kernel.php(176): Illuminate\\Routing\\Router->dispatch(Object(Illuminate\\Http\\Request))
#30 /home/kenneth/Sites/laravel-6-api-boilerplate/vendor/laravel/framework/src/Illuminate/Pipeline/Pipeline.php(130): Illuminate\\Foundation\\Http\\Kernel->Illuminate\\Foundation\\Http\\{closure}(Object(Illuminate\\Http\\Request))
#31 /home/kenneth/Sites/laravel-6-api-boilerplate/vendor/barryvdh/laravel-cors/src/HandleCors.php(36): Illuminate\\Pipeline\\Pipeline->Illuminate\\Pipeline\\{closure}(Object(Illuminate\\Http\\Request))
#32 /home/kenneth/Sites/laravel-6-api-boilerplate/vendor/laravel/framework/src/Illuminate/Pipeline/Pipeline.php(171): Barryvdh\\Cors\\HandleCors->handle(Object(Illuminate\\Http\\Request), Object(Closure))
#33 /home/kenneth/Sites/laravel-6-api-boilerplate/vendor/laravel/framework/src/Illuminate/Foundation/Http/Middleware/TransformsRequest.php(21): Illuminate\\Pipeline\\Pipeline->Illuminate\\Pipeline\\{closure}(Object(Illuminate\\Http\\Request))
#34 /home/kenneth/Sites/laravel-6-api-boilerplate/vendor/laravel/framework/src/Illuminate/Pipeline/Pipeline.php(171): Illuminate\\Foundation\\Http\\Middleware\\TransformsRequest->handle(Object(Illuminate\\Http\\Request), Object(Closure))
#35 /home/kenneth/Sites/laravel-6-api-boilerplate/vendor/laravel/framework/src/Illuminate/Foundation/Http/Middleware/TransformsRequest.php(21): Illuminate\\Pipeline\\Pipeline->Illuminate\\Pipeline\\{closure}(Object(Illuminate\\Http\\Request))
#36 /home/kenneth/Sites/laravel-6-api-boilerplate/vendor/laravel/framework/src/Illuminate/Pipeline/Pipeline.php(171): Illuminate\\Foundation\\Http\\Middleware\\TransformsRequest->handle(Object(Illuminate\\Http\\Request), Object(Closure))
#37 /home/kenneth/Sites/laravel-6-api-boilerplate/vendor/laravel/framework/src/Illuminate/Foundation/Http/Middleware/ValidatePostSize.php(27): Illuminate\\Pipeline\\Pipeline->Illuminate\\Pipeline\\{closure}(Object(Illuminate\\Http\\Request))
#38 /home/kenneth/Sites/laravel-6-api-boilerplate/vendor/laravel/framework/src/Illuminate/Pipeline/Pipeline.php(171): Illuminate\\Foundation\\Http\\Middleware\\ValidatePostSize->handle(Object(Illuminate\\Http\\Request), Object(Closure))
#39 /home/kenneth/Sites/laravel-6-api-boilerplate/vendor/laravel/framework/src/Illuminate/Foundation/Http/Middleware/CheckForMaintenanceMode.php(62): Illuminate\\Pipeline\\Pipeline->Illuminate\\Pipeline\\{closure}(Object(Illuminate\\Http\\Request))
#40 /home/kenneth/Sites/laravel-6-api-boilerplate/vendor/laravel/framework/src/Illuminate/Pipeline/Pipeline.php(171): Illuminate\\Foundation\\Http\\Middleware\\CheckForMaintenanceMode->handle(Object(Illuminate\\Http\\Request), Object(Closure))
#41 /home/kenneth/Sites/laravel-6-api-boilerplate/vendor/fideloper/proxy/src/TrustProxies.php(57): Illuminate\\Pipeline\\Pipeline->Illuminate\\Pipeline\\{closure}(Object(Illuminate\\Http\\Request))
#42 /home/kenneth/Sites/laravel-6-api-boilerplate/vendor/laravel/framework/src/Illuminate/Pipeline/Pipeline.php(171): Fideloper\\Proxy\\TrustProxies->handle(Object(Illuminate\\Http\\Request), Object(Closure))
#43 /home/kenneth/Sites/laravel-6-api-boilerplate/vendor/laravel/framework/src/Illuminate/Pipeline/Pipeline.php(105): Illuminate\\Pipeline\\Pipeline->Illuminate\\Pipeline\\{closure}(Object(Illuminate\\Http\\Request))
#44 /home/kenneth/Sites/laravel-6-api-boilerplate/vendor/laravel/framework/src/Illuminate/Foundation/Http/Kernel.php(151): Illuminate\\Pipeline\\Pipeline->then(Object(Closure))
#45 /home/kenneth/Sites/laravel-6-api-boilerplate/vendor/laravel/framework/src/Illuminate/Foundation/Http/Kernel.php(116): Illuminate\\Foundation\\Http\\Kernel->sendRequestThroughRouter(Object(Illuminate\\Http\\Request))
#46 /home/kenneth/Sites/laravel-6-api-boilerplate/public/index.php(55): Illuminate\\Foundation\\Http\\Kernel->handle(Object(Illuminate\\Http\\Request))
#47 /home/kenneth/.config/composer/vendor/cpriego/valet-linux/server.php(208): require('/home/kenneth/S...')
#48 {main}
"} 
[2019-09-19 05:52:08] local.ERROR: include(/home/kenneth/Sites/laravel-6-api-boilerplate/vendor/composer/../../app/User.php): failed to open stream: No such file or directory {"exception":"[object] (ErrorException(code: 0): include(/home/kenneth/Sites/laravel-6-api-boilerplate/vendor/composer/../../app/User.php): failed to open stream: No such file or directory at /home/kenneth/Sites/laravel-6-api-boilerplate/vendor/composer/ClassLoader.php:444)
[stacktrace]
#0 /home/kenneth/Sites/laravel-6-api-boilerplate/vendor/composer/ClassLoader.php(444): Illuminate\\Foundation\\Bootstrap\\HandleExceptions->handleError(2, 'include(/home/k...', '/home/kenneth/S...', 444, Array)
#1 /home/kenneth/Sites/laravel-6-api-boilerplate/vendor/composer/ClassLoader.php(444): include()
#2 /home/kenneth/Sites/laravel-6-api-boilerplate/vendor/composer/ClassLoader.php(322): Composer\\Autoload\\includeFile('/home/kenneth/S...')
#3 [internal function]: Composer\\Autoload\\ClassLoader->loadClass('App\\\\User')
#4 /home/kenneth/Sites/laravel-6-api-boilerplate/vendor/laravel/framework/src/Illuminate/Auth/EloquentUserProvider.php(170): spl_autoload_call('App\\\\User')
#5 /home/kenneth/Sites/laravel-6-api-boilerplate/vendor/laravel/framework/src/Illuminate/Auth/EloquentUserProvider.php(157): Illuminate\\Auth\\EloquentUserProvider->createModel()
#6 /home/kenneth/Sites/laravel-6-api-boilerplate/vendor/laravel/framework/src/Illuminate/Auth/EloquentUserProvider.php(117): Illuminate\\Auth\\EloquentUserProvider->newModelQuery()
#7 /home/kenneth/Sites/laravel-6-api-boilerplate/vendor/laravel/framework/src/Illuminate/Auth/SessionGuard.php(251): Illuminate\\Auth\\EloquentUserProvider->retrieveByCredentials(Array)
#8 /home/kenneth/Sites/laravel-6-api-boilerplate/vendor/laravel/framework/src/Illuminate/Auth/SessionGuard.php(217): Illuminate\\Auth\\SessionGuard->validate(Array)
#9 /home/kenneth/Sites/laravel-6-api-boilerplate/vendor/tymon/jwt-auth/src/Providers/Auth/Illuminate.php(47): Illuminate\\Auth\\SessionGuard->once(Array)
#10 /home/kenneth/Sites/laravel-6-api-boilerplate/vendor/tymon/jwt-auth/src/JWTAuth.php(50): Tymon\\JWTAuth\\Providers\\Auth\\Illuminate->byCredentials(Array)
#11 /home/kenneth/Sites/laravel-6-api-boilerplate/vendor/laravel/framework/src/Illuminate/Support/Facades/Facade.php(239): Tymon\\JWTAuth\\JWTAuth->attempt(Array, Array)
#12 /home/kenneth/Sites/laravel-6-api-boilerplate/app/Http/Controllers/Auth/AuthController.php(41): Illuminate\\Support\\Facades\\Facade::__callStatic('attempt', Array)
#13 [internal function]: App\\Http\\Controllers\\Auth\\AuthController->login(Object(App\\Http\\Requests\\Auth\\LoginFormRequest))
#14 /home/kenneth/Sites/laravel-6-api-boilerplate/vendor/laravel/framework/src/Illuminate/Routing/Controller.php(54): call_user_func_array(Array, Array)
#15 /home/kenneth/Sites/laravel-6-api-boilerplate/vendor/laravel/framework/src/Illuminate/Routing/ControllerDispatcher.php(45): Illuminate\\Routing\\Controller->callAction('login', Array)
#16 /home/kenneth/Sites/laravel-6-api-boilerplate/vendor/laravel/framework/src/Illuminate/Routing/Route.php(219): Illuminate\\Routing\\ControllerDispatcher->dispatch(Object(Illuminate\\Routing\\Route), Object(App\\Http\\Controllers\\Auth\\AuthController), 'login')
#17 /home/kenneth/Sites/laravel-6-api-boilerplate/vendor/laravel/framework/src/Illuminate/Routing/Route.php(176): Illuminate\\Routing\\Route->runController()
#18 /home/kenneth/Sites/laravel-6-api-boilerplate/vendor/laravel/framework/src/Illuminate/Routing/Router.php(680): Illuminate\\Routing\\Route->run()
#19 /home/kenneth/Sites/laravel-6-api-boilerplate/vendor/laravel/framework/src/Illuminate/Pipeline/Pipeline.php(130): Illuminate\\Routing\\Router->Illuminate\\Routing\\{closure}(Object(Illuminate\\Http\\Request))
#20 /home/kenneth/Sites/laravel-6-api-boilerplate/vendor/laravel/framework/src/Illuminate/Routing/Middleware/SubstituteBindings.php(41): Illuminate\\Pipeline\\Pipeline->Illuminate\\Pipeline\\{closure}(Object(Illuminate\\Http\\Request))
#21 /home/kenneth/Sites/laravel-6-api-boilerplate/vendor/laravel/framework/src/Illuminate/Pipeline/Pipeline.php(171): Illuminate\\Routing\\Middleware\\SubstituteBindings->handle(Object(Illuminate\\Http\\Request), Object(Closure))
#22 /home/kenneth/Sites/laravel-6-api-boilerplate/vendor/laravel/framework/src/Illuminate/Routing/Middleware/ThrottleRequests.php(59): Illuminate\\Pipeline\\Pipeline->Illuminate\\Pipeline\\{closure}(Object(Illuminate\\Http\\Request))
#23 /home/kenneth/Sites/laravel-6-api-boilerplate/vendor/laravel/framework/src/Illuminate/Pipeline/Pipeline.php(171): Illuminate\\Routing\\Middleware\\ThrottleRequests->handle(Object(Illuminate\\Http\\Request), Object(Closure), 60, '1')
#24 /home/kenneth/Sites/laravel-6-api-boilerplate/vendor/laravel/framework/src/Illuminate/Pipeline/Pipeline.php(105): Illuminate\\Pipeline\\Pipeline->Illuminate\\Pipeline\\{closure}(Object(Illuminate\\Http\\Request))
#25 /home/kenneth/Sites/laravel-6-api-boilerplate/vendor/laravel/framework/src/Illuminate/Routing/Router.php(682): Illuminate\\Pipeline\\Pipeline->then(Object(Closure))
#26 /home/kenneth/Sites/laravel-6-api-boilerplate/vendor/laravel/framework/src/Illuminate/Routing/Router.php(657): Illuminate\\Routing\\Router->runRouteWithinStack(Object(Illuminate\\Routing\\Route), Object(Illuminate\\Http\\Request))
#27 /home/kenneth/Sites/laravel-6-api-boilerplate/vendor/laravel/framework/src/Illuminate/Routing/Router.php(623): Illuminate\\Routing\\Router->runRoute(Object(Illuminate\\Http\\Request), Object(Illuminate\\Routing\\Route))
#28 /home/kenneth/Sites/laravel-6-api-boilerplate/vendor/laravel/framework/src/Illuminate/Routing/Router.php(612): Illuminate\\Routing\\Router->dispatchToRoute(Object(Illuminate\\Http\\Request))
#29 /home/kenneth/Sites/laravel-6-api-boilerplate/vendor/laravel/framework/src/Illuminate/Foundation/Http/Kernel.php(176): Illuminate\\Routing\\Router->dispatch(Object(Illuminate\\Http\\Request))
#30 /home/kenneth/Sites/laravel-6-api-boilerplate/vendor/laravel/framework/src/Illuminate/Pipeline/Pipeline.php(130): Illuminate\\Foundation\\Http\\Kernel->Illuminate\\Foundation\\Http\\{closure}(Object(Illuminate\\Http\\Request))
#31 /home/kenneth/Sites/laravel-6-api-boilerplate/vendor/barryvdh/laravel-cors/src/HandleCors.php(36): Illuminate\\Pipeline\\Pipeline->Illuminate\\Pipeline\\{closure}(Object(Illuminate\\Http\\Request))
#32 /home/kenneth/Sites/laravel-6-api-boilerplate/vendor/laravel/framework/src/Illuminate/Pipeline/Pipeline.php(171): Barryvdh\\Cors\\HandleCors->handle(Object(Illuminate\\Http\\Request), Object(Closure))
#33 /home/kenneth/Sites/laravel-6-api-boilerplate/vendor/laravel/framework/src/Illuminate/Foundation/Http/Middleware/TransformsRequest.php(21): Illuminate\\Pipeline\\Pipeline->Illuminate\\Pipeline\\{closure}(Object(Illuminate\\Http\\Request))
#34 /home/kenneth/Sites/laravel-6-api-boilerplate/vendor/laravel/framework/src/Illuminate/Pipeline/Pipeline.php(171): Illuminate\\Foundation\\Http\\Middleware\\TransformsRequest->handle(Object(Illuminate\\Http\\Request), Object(Closure))
#35 /home/kenneth/Sites/laravel-6-api-boilerplate/vendor/laravel/framework/src/Illuminate/Foundation/Http/Middleware/TransformsRequest.php(21): Illuminate\\Pipeline\\Pipeline->Illuminate\\Pipeline\\{closure}(Object(Illuminate\\Http\\Request))
#36 /home/kenneth/Sites/laravel-6-api-boilerplate/vendor/laravel/framework/src/Illuminate/Pipeline/Pipeline.php(171): Illuminate\\Foundation\\Http\\Middleware\\TransformsRequest->handle(Object(Illuminate\\Http\\Request), Object(Closure))
#37 /home/kenneth/Sites/laravel-6-api-boilerplate/vendor/laravel/framework/src/Illuminate/Foundation/Http/Middleware/ValidatePostSize.php(27): Illuminate\\Pipeline\\Pipeline->Illuminate\\Pipeline\\{closure}(Object(Illuminate\\Http\\Request))
#38 /home/kenneth/Sites/laravel-6-api-boilerplate/vendor/laravel/framework/src/Illuminate/Pipeline/Pipeline.php(171): Illuminate\\Foundation\\Http\\Middleware\\ValidatePostSize->handle(Object(Illuminate\\Http\\Request), Object(Closure))
#39 /home/kenneth/Sites/laravel-6-api-boilerplate/vendor/laravel/framework/src/Illuminate/Foundation/Http/Middleware/CheckForMaintenanceMode.php(62): Illuminate\\Pipeline\\Pipeline->Illuminate\\Pipeline\\{closure}(Object(Illuminate\\Http\\Request))
#40 /home/kenneth/Sites/laravel-6-api-boilerplate/vendor/laravel/framework/src/Illuminate/Pipeline/Pipeline.php(171): Illuminate\\Foundation\\Http\\Middleware\\CheckForMaintenanceMode->handle(Object(Illuminate\\Http\\Request), Object(Closure))
#41 /home/kenneth/Sites/laravel-6-api-boilerplate/vendor/fideloper/proxy/src/TrustProxies.php(57): Illuminate\\Pipeline\\Pipeline->Illuminate\\Pipeline\\{closure}(Object(Illuminate\\Http\\Request))
#42 /home/kenneth/Sites/laravel-6-api-boilerplate/vendor/laravel/framework/src/Illuminate/Pipeline/Pipeline.php(171): Fideloper\\Proxy\\TrustProxies->handle(Object(Illuminate\\Http\\Request), Object(Closure))
#43 /home/kenneth/Sites/laravel-6-api-boilerplate/vendor/laravel/framework/src/Illuminate/Pipeline/Pipeline.php(105): Illuminate\\Pipeline\\Pipeline->Illuminate\\Pipeline\\{closure}(Object(Illuminate\\Http\\Request))
#44 /home/kenneth/Sites/laravel-6-api-boilerplate/vendor/laravel/framework/src/Illuminate/Foundation/Http/Kernel.php(151): Illuminate\\Pipeline\\Pipeline->then(Object(Closure))
#45 /home/kenneth/Sites/laravel-6-api-boilerplate/vendor/laravel/framework/src/Illuminate/Foundation/Http/Kernel.php(116): Illuminate\\Foundation\\Http\\Kernel->sendRequestThroughRouter(Object(Illuminate\\Http\\Request))
#46 /home/kenneth/Sites/laravel-6-api-boilerplate/public/index.php(55): Illuminate\\Foundation\\Http\\Kernel->handle(Object(Illuminate\\Http\\Request))
#47 /home/kenneth/.config/composer/vendor/cpriego/valet-linux/server.php(208): require('/home/kenneth/S...')
#48 {main}
"} 
